# JRE version: Java(TM) SE Runtime Environment (8.0_201-b09) (build 1.8.0_201-b09)
# Java VM: Java HotSpot(TM) 64-Bit Server VM (25.201-b09 mixed mode windows-amd64 compressed oops)
Heap:
 PSYoungGen      total 76288K, used 35339K [0x000000076b200000, 0x0000000770700000, 0x00000007c0000000)
  eden space 65536K, 50% used [0x000000076b200000,0x000000076d20fc40,0x000000076f200000)
  from space 10752K, 23% used [0x000000076f200000,0x000000076f4733a0,0x000000076fc80000)
  to   space 10752K, 0% used [0x000000076fc80000,0x000000076fc80000,0x0000000770700000)
 ParOldGen       total 175104K, used 24K [0x00000006c1600000, 0x00000006cc100000, 0x000000076b200000)
  object space 175104K, 0% used [0x00000006c1600000,0x00000006c1606000,0x00000006cc100000)
 Metaspace       used 11689K, capacity 11874K, committed 12032K, reserved 1058816K
  class space    used 1641K, capacity 1673K, committed 1792K, reserved 1048576K
GC Heap History (6 events):
Event: 1.552 GC heap before
{Heap before GC invocations=1 (full 0):
 PSYoungGen      total 76288K, used 65536K [0x000000076b200000, 0x0000000770700000, 0x00000007c0000000)
  eden space 65536K, 100% used [0x000000076b200000,0x000000076f200000,0x000000076f200000)
  from space 10752K, 0% used [0x000000076fc80000,0x000000076fc80000,0x0000000770700000)
  to   space 10752K, 0% used [0x000000076f200000,0x000000076f200000,0x000000076fc80000)
 ParOldGen       total 175104K, used 0K [0x00000006c1600000, 0x00000006cc100000, 0x000000076b200000)
  object space 175104K, 0% used [0x00000006c1600000,0x00000006c1600000,0x00000006cc100000)
 Metaspace       used 8635K, capacity 8708K, committed 8960K, reserved 1056768K
  class space    used 1143K, capacity 1172K, committed 1280K, reserved 1048576K
Event: 1.558 GC heap after
Heap after GC invocations=1 (full 0):
 PSYoungGen      total 76288K, used 4790K [0x000000076b200000, 0x0000000770700000, 0x00000007c0000000)
  eden space 65536K, 0% used [0x000000076b200000,0x000000076b200000,0x000000076f200000)
  from space 10752K, 44% used [0x000000076f200000,0x000000076f6adab8,0x000000076fc80000)
  to   space 10752K, 0% used [0x000000076fc80000,0x000000076fc80000,0x0000000770700000)
 ParOldGen       total 175104K, used 8K [0x00000006c1600000, 0x00000006cc100000, 0x000000076b200000)
  object space 175104K, 0% used [0x00000006c1600000,0x00000006c1602000,0x00000006cc100000)
 Metaspace       used 8635K, capacity 8708K, committed 8960K, reserved 1056768K
  class space    used 1143K, capacity 1172K, committed 1280K, reserved 1048576K
}
Event: 2090.765 GC heap before
{Heap before GC invocations=2 (full 0):
 PSYoungGen      total 76288K, used 70326K [0x000000076b200000, 0x0000000770700000, 0x00000007c0000000)
  eden space 65536K, 100% used [0x000000076b200000,0x000000076f200000,0x000000076f200000)
  from space 10752K, 44% used [0x000000076f200000,0x000000076f6adab8,0x000000076fc80000)
  to   space 10752K, 0% used [0x000000076fc80000,0x000000076fc80000,0x0000000770700000)
 ParOldGen       total 175104K, used 8K [0x00000006c1600000, 0x00000006cc100000, 0x000000076b200000)
  object space 175104K, 0% used [0x00000006c1600000,0x00000006c1602000,0x00000006cc100000)
 Metaspace       used 11521K, capacity 11682K, committed 12032K, reserved 1058816K
  class space    used 1636K, capacity 1673K, committed 1792K, reserved 1048576K
Event: 2090.771 GC heap after
Heap after GC invocations=2 (full 0):
 PSYoungGen      total 76288K, used 4406K [0x000000076b200000, 0x0000000770700000, 0x00000007c0000000)
  eden space 65536K, 0% used [0x000000076b200000,0x000000076b200000,0x000000076f200000)
  from space 10752K, 40% used [0x000000076fc80000,0x00000007700cd810,0x0000000770700000)
  to   space 10752K, 0% used [0x000000076f200000,0x000000076f200000,0x000000076fc80000)
 ParOldGen       total 175104K, used 16K [0x00000006c1600000, 0x00000006cc100000, 0x000000076b200000)
  object space 175104K, 0% used [0x00000006c1600000,0x00000006c1604000,0x00000006cc100000)
 Metaspace       used 11521K, capacity 11682K, committed 12032K, reserved 1058816K
  class space    used 1636K, capacity 1673K, committed 1792K, reserved 1048576K
}
Event: 3101.009 GC heap before
{Heap before GC invocations=3 (full 0):
 PSYoungGen      total 76288K, used 69942K [0x000000076b200000, 0x0000000770700000, 0x00000007c0000000)
  eden space 65536K, 100% used [0x000000076b200000,0x000000076f200000,0x000000076f200000)
  from space 10752K, 40% used [0x000000076fc80000,0x00000007700cd810,0x0000000770700000)
  to   space 10752K, 0% used [0x000000076f200000,0x000000076f200000,0x000000076fc80000)
 ParOldGen       total 175104K, used 16K [0x00000006c1600000, 0x00000006cc100000, 0x000000076b200000)
  object space 175104K, 0% used [0x00000006c1600000,0x00000006c1604000,0x00000006cc100000)
 Metaspace       used 11657K, capacity 11810K, committed 12032K, reserved 1058816K
  class space    used 1640K, capacity 1673K, committed 1792K, reserved 1048576K
Event: 3101.014 GC heap after
Heap after GC invocations=3 (full 0):
 PSYoungGen      total 76288K, used 2508K [0x000000076b200000, 0x0000000770700000, 0x00000007c0000000)
  eden space 65536K, 0% used [0x000000076b200000,0x000000076b200000,0x000000076f200000)
  from space 10752K, 23% used [0x000000076f200000,0x000000076f4733a0,0x000000076fc80000)
  to   space 10752K, 0% used [0x000000076fc80000,0x000000076fc80000,0x0000000770700000)
 ParOldGen       total 175104K, used 24K [0x00000006c1600000, 0x00000006cc100000, 0x000000076b200000)
  object space 175104K, 0% used [0x00000006c1600000,0x00000006c1606000,0x00000006cc100000)
 Metaspace       used 11657K, capacity 11810K, committed 12032K, reserved 1058816K
  class space    used 1640K, capacity 1673K, committed 1792K, reserved 1048576K
}

